INFO: [VRFC 10-2263] Analyzing Verilog file "C:/Users/anous/Desktop/vnpu/Adex_Neuron/Adex_Neuron.srcs/sources_1/imports/SPIKING-NEURAL-NETWORK-main/BCM.v" into library xil_defaultlib
INFO: [VRFC 10-311] analyzing module BCM
WARNING: [VRFC 10-8370] keyword 'unsigned' is not allowed here in this mode of Verilog [C:/Users/anous/Desktop/vnpu/Adex_Neuron/Adex_Neuron.srcs/sources_1/imports/SPIKING-NEURAL-NETWORK-main/BCM.v:51]
WARNING: [VRFC 10-8370] keyword 'unsigned' is not allowed here in this mode of Verilog [C:/Users/anous/Desktop/vnpu/Adex_Neuron/Adex_Neuron.srcs/sources_1/imports/SPIKING-NEURAL-NETWORK-main/BCM.v:52]
WARNING: [VRFC 10-8370] keyword 'unsigned' is not allowed here in this mode of Verilog [C:/Users/anous/Desktop/vnpu/Adex_Neuron/Adex_Neuron.srcs/sources_1/imports/SPIKING-NEURAL-NETWORK-main/BCM.v:53]
WARNING: [VRFC 10-8370] keyword 'unsigned' is not allowed here in this mode of Verilog [C:/Users/anous/Desktop/vnpu/Adex_Neuron/Adex_Neuron.srcs/sources_1/imports/SPIKING-NEURAL-NETWORK-main/BCM.v:54]
WARNING: [VRFC 10-8370] keyword 'unsigned' is not allowed here in this mode of Verilog [C:/Users/anous/Desktop/vnpu/Adex_Neuron/Adex_Neuron.srcs/sources_1/imports/SPIKING-NEURAL-NETWORK-main/BCM.v:55]
WARNING: [VRFC 10-8370] keyword 'unsigned' is not allowed here in this mode of Verilog [C:/Users/anous/Desktop/vnpu/Adex_Neuron/Adex_Neuron.srcs/sources_1/imports/SPIKING-NEURAL-NETWORK-main/BCM.v:56]
WARNING: [VRFC 10-8370] keyword 'unsigned' is not allowed here in this mode of Verilog [C:/Users/anous/Desktop/vnpu/Adex_Neuron/Adex_Neuron.srcs/sources_1/imports/SPIKING-NEURAL-NETWORK-main/BCM.v:57]
INFO: [VRFC 10-2263] Analyzing SystemVerilog file "C:/Users/anous/Desktop/vnpu/Adex_Neuron/Adex_Neuron.srcs/sources_1/imports/SPIKING-NEURAL-NETWORK-main/aer.v" into library xil_defaultlib
INFO: [VRFC 10-311] analyzing module AER
INFO: [VRFC 10-311] analyzing module encoder
INFO: [VRFC 10-2263] Analyzing SystemVerilog file "C:/Users/anous/Desktop/vnpu/Adex_Neuron/Adex_Neuron.srcs/sources_1/imports/SPIKING-NEURAL-NETWORK-main/inhibit.v" into library xil_defaultlib
INFO: [VRFC 10-311] analyzing module inhibit
INFO: [VRFC 10-2263] Analyzing SystemVerilog file "C:/Users/anous/Desktop/vnpu/Adex_Neuron/Adex_Neuron.srcs/sources_1/imports/SPIKING-NEURAL-NETWORK-main/neuron.v" into library xil_defaultlib
INFO: [VRFC 10-311] analyzing module neuron
INFO: [VRFC 10-311] analyzing module signed_mult
INFO: [VRFC 10-2263] Analyzing SystemVerilog file "C:/Users/anous/Desktop/vnpu/Adex_Neuron/Adex_Neuron.srcs/sources_1/imports/SPIKING-NEURAL-NETWORK-main/snn.v" into library xil_defaultlib
INFO: [VRFC 10-311] analyzing module multi_layer_snn_with_aer
INFO: [VRFC 10-2263] Analyzing SystemVerilog file "C:/Users/anous/Desktop/vnpu/Adex_Neuron/Adex_Neuron.srcs/sources_1/imports/SPIKING-NEURAL-NETWORK-main/synaps.v" into library xil_defaultlib
INFO: [VRFC 10-311] analyzing module synaps_block
INFO: [VRFC 10-311] analyzing module synaps
INFO: [VRFC 10-311] analyzing module decoder
INFO: [VRFC 10-2263] Analyzing Verilog file "C:/Users/anous/Desktop/vnpu/Adex_Neuron/Adex_Neuron.srcs/sim_1/imports/SPIKING-NEURAL-NETWORK-main/testing.v" into library xil_defaultlib
INFO: [VRFC 10-311] analyzing module test
INFO: [VRFC 10-2263] Analyzing Verilog file "C:/Users/anous/Desktop/vnpu/Adex_Neuron/Adex_Neuron.sim/sim_1/behav/xsim/glbl.v" into library xil_defaultlib
INFO: [VRFC 10-311] analyzing module glbl
